<?xml version="1.0" encoding="UTF-8"?>
<testng-results ignored="0" total="1" passed="1" failed="0" skipped="0">
  <reporter-output>
  </reporter-output>
  <suite started-at="2023-11-29T11:35:08 IST" name="Default suite" finished-at="2023-11-29T11:36:26 IST" duration-ms="78633">
    <groups>
    </groups>
    <test started-at="2023-11-29T11:35:08 IST" name="Default test" finished-at="2023-11-29T11:36:26 IST" duration-ms="78633">
      <class name="com.testcases.ShiftTestCase">
        <test-method is-config="true" signature="setup()[pri:0, instance:com.testcases.ShiftTestCase@71ba6d4e]" started-at="2023-11-29T11:35:08 IST" name="setup" finished-at="2023-11-29T11:35:32 IST" duration-ms="24573" status="PASS">
          <reporter-output>
          </reporter-output>
        </test-method> <!-- setup -->
        <test-method signature="ShiftValidation()[pri:0, instance:com.testcases.ShiftTestCase@71ba6d4e]" started-at="2023-11-29T11:35:32 IST" name="ShiftValidation" finished-at="2023-11-29T11:36:26 IST" duration-ms="53962" status="PASS">
          <reporter-output>
          </reporter-output>
        </test-method> <!-- ShiftValidation -->
      </class> <!-- com.testcases.ShiftTestCase -->
    </test> <!-- Default test -->
  </suite> <!-- Default suite -->
</testng-results>
