<?xml version="1.0" encoding="UTF-8"?>
<testng-results ignored="0" total="1" passed="1" failed="0" skipped="0">
  <reporter-output>
  </reporter-output>
  <suite started-at="2023-11-29T06:58:04 IST" name="Default suite" finished-at="2023-11-29T06:59:13 IST" duration-ms="69682">
    <groups>
    </groups>
    <test started-at="2023-11-29T06:58:04 IST" name="Default test" finished-at="2023-11-29T06:59:13 IST" duration-ms="69682">
      <class name="com.testcases.LocationTestCase">
        <test-method is-config="true" signature="setup()[pri:0, instance:com.testcases.LocationTestCase@55a147cc]" started-at="2023-11-29T06:58:04 IST" name="setup" finished-at="2023-11-29T06:58:30 IST" duration-ms="26176" status="PASS">
          <reporter-output>
          </reporter-output>
        </test-method> <!-- setup -->
        <test-method signature="LoactionValidation()[pri:0, instance:com.testcases.LocationTestCase@55a147cc]" started-at="2023-11-29T06:58:30 IST" name="LoactionValidation" finished-at="2023-11-29T06:59:13 IST" duration-ms="43375" status="PASS">
          <reporter-output>
          </reporter-output>
        </test-method> <!-- LoactionValidation -->
      </class> <!-- com.testcases.LocationTestCase -->
    </test> <!-- Default test -->
  </suite> <!-- Default suite -->
</testng-results>
